<?xml version="1.0" encoding="UTF-8" ?>
<testsuite tests="1" failures="0" name="com.camunda.demo.SimpleDemo.ProcessUnitTest" time="8.242" errors="0" skipped="0">
  <properties>
    <property name="java.runtime.name" value="OpenJDK Runtime Environment"/>
    <property name="sun.boot.library.path" value="/usr/lib/jvm/java-8-openjdk-amd64/jre/lib/amd64"/>
    <property name="java.vm.version" value="25.275-b01"/>
    <property name="java.vm.vendor" value="Private Build"/>
    <property name="java.vendor.url" value="http://java.oracle.com/"/>
    <property name="path.separator" value=":"/>
    <property name="java.vm.name" value="OpenJDK 64-Bit Server VM"/>
    <property name="file.encoding.pkg" value="sun.io"/>
    <property name="user.country" value="US"/>
    <property name="sun.java.launcher" value="SUN_STANDARD"/>
    <property name="sun.os.patch.level" value="unknown"/>
    <property name="java.vm.specification.name" value="Java Virtual Machine Specification"/>
    <property name="user.dir" value="/home/shothogun/eclipse-workspace/SimpleDemo"/>
    <property name="java.runtime.version" value="1.8.0_275-8u275-b01-0ubuntu1~18.04-b01"/>
    <property name="java.awt.graphicsenv" value="sun.awt.X11GraphicsEnvironment"/>
    <property name="basedir" value="/home/shothogun/eclipse-workspace/SimpleDemo"/>
    <property name="java.endorsed.dirs" value="/usr/lib/jvm/java-8-openjdk-amd64/jre/lib/endorsed"/>
    <property name="os.arch" value="amd64"/>
    <property name="surefire.real.class.path" value="/tmp/surefirebooter5905178116552191817.jar"/>
    <property name="java.io.tmpdir" value="/tmp"/>
    <property name="line.separator" value="
"/>
    <property name="java.vm.specification.vendor" value="Oracle Corporation"/>
    <property name="os.name" value="Linux"/>
    <property name="sun.jnu.encoding" value="UTF-8"/>
    <property name="java.library.path" value="/usr/java/packages/lib/amd64:/usr/lib/x86_64-linux-gnu/jni:/lib/x86_64-linux-gnu:/usr/lib/x86_64-linux-gnu:/usr/lib/jni:/lib:/usr/lib"/>
    <property name="surefire.test.class.path" value="/home/shothogun/eclipse-workspace/SimpleDemo/target/test-classes:/home/shothogun/eclipse-workspace/SimpleDemo/target/classes:/home/shothogun/.m2/repository/org/camunda/bpm/camunda-engine/7.14.0/camunda-engine-7.14.0.jar:/home/shothogun/.m2/repository/org/camunda/bpm/model/camunda-bpmn-model/7.14.0/camunda-bpmn-model-7.14.0.jar:/home/shothogun/.m2/repository/org/camunda/bpm/model/camunda-xml-model/7.14.0/camunda-xml-model-7.14.0.jar:/home/shothogun/.m2/repository/org/camunda/bpm/model/camunda-cmmn-model/7.14.0/camunda-cmmn-model-7.14.0.jar:/home/shothogun/.m2/repository/org/camunda/bpm/dmn/camunda-engine-dmn/7.14.0/camunda-engine-dmn-7.14.0.jar:/home/shothogun/.m2/repository/org/camunda/bpm/model/camunda-dmn-model/7.14.0/camunda-dmn-model-7.14.0.jar:/home/shothogun/.m2/repository/org/camunda/bpm/dmn/camunda-engine-feel-api/7.14.0/camunda-engine-feel-api-7.14.0.jar:/home/shothogun/.m2/repository/org/camunda/bpm/dmn/camunda-engine-feel-juel/7.14.0/camunda-engine-feel-juel-7.14.0.jar:/home/shothogun/.m2/repository/org/camunda/bpm/dmn/camunda-engine-feel-scala/7.14.0/camunda-engine-feel-scala-7.14.0.jar:/home/shothogun/.m2/repository/org/camunda/commons/camunda-commons-logging/1.9.0/camunda-commons-logging-1.9.0.jar:/home/shothogun/.m2/repository/org/camunda/commons/camunda-commons-typed-values/7.14.0/camunda-commons-typed-values-7.14.0.jar:/home/shothogun/.m2/repository/org/mybatis/mybatis/3.5.3/mybatis-3.5.3.jar:/home/shothogun/.m2/repository/org/springframework/spring-beans/5.2.8.RELEASE/spring-beans-5.2.8.RELEASE.jar:/home/shothogun/.m2/repository/org/springframework/spring-core/5.2.8.RELEASE/spring-core-5.2.8.RELEASE.jar:/home/shothogun/.m2/repository/org/springframework/spring-jcl/5.2.8.RELEASE/spring-jcl-5.2.8.RELEASE.jar:/home/shothogun/.m2/repository/joda-time/joda-time/2.1/joda-time-2.1.jar:/home/shothogun/.m2/repository/org/camunda/connect/camunda-connect-core/1.5.0/camunda-connect-core-1.5.0.jar:/home/shothogun/.m2/repository/org/camunda/connect/camunda-connect-connectors-all/1.5.0/camunda-connect-connectors-all-1.5.0.jar:/home/shothogun/.m2/repository/org/camunda/bpm/assert/camunda-bpm-assert/8.0.0/camunda-bpm-assert-8.0.0.jar:/home/shothogun/.m2/repository/org/assertj/assertj-core/3.16.1/assertj-core-3.16.1.jar:/home/shothogun/.m2/repository/org/camunda/spin/camunda-spin-dataformat-all/1.10.0/camunda-spin-dataformat-all-1.10.0.jar:/home/shothogun/.m2/repository/org/camunda/spin/camunda-spin-core/1.10.0/camunda-spin-core-1.10.0.jar:/home/shothogun/.m2/repository/org/slf4j/slf4j-api/1.7.26/slf4j-api-1.7.26.jar:/home/shothogun/.m2/repository/org/camunda/commons/camunda-commons-utils/1.9.0/camunda-commons-utils-1.9.0.jar:/home/shothogun/.m2/repository/org/camunda/bpm/camunda-engine-plugin-spin/7.14.0/camunda-engine-plugin-spin-7.14.0.jar:/home/shothogun/.m2/repository/org/camunda/template-engines/camunda-template-engines-freemarker/2.0.0/camunda-template-engines-freemarker-2.0.0.jar:/home/shothogun/.m2/repository/org/freemarker/freemarker/2.3.29/freemarker-2.3.29.jar:/home/shothogun/.m2/repository/org/camunda/template-engines/camunda-template-engines-velocity/2.0.0/camunda-template-engines-velocity-2.0.0.jar:/home/shothogun/.m2/repository/org/apache/velocity/velocity-engine-core/2.2/velocity-engine-core-2.2.jar:/home/shothogun/.m2/repository/javax/servlet/javax.servlet-api/3.1.0/javax.servlet-api-3.1.0.jar:/home/shothogun/.m2/repository/junit/junit/4.13/junit-4.13.jar:/home/shothogun/.m2/repository/org/hamcrest/hamcrest-core/1.3/hamcrest-core-1.3.jar:/home/shothogun/.m2/repository/com/h2database/h2/1.4.200/h2-1.4.200.jar:/home/shothogun/.m2/repository/org/camunda/bpm/extension/camunda-bpm-process-test-coverage/0.4.0/camunda-bpm-process-test-coverage-0.4.0.jar:/home/shothogun/.m2/repository/commons-io/commons-io/2.5/commons-io-2.5.jar:/home/shothogun/.m2/repository/org/apache/commons/commons-lang3/3.4/commons-lang3-3.4.jar:/home/shothogun/.m2/repository/org/hamcrest/hamcrest-library/1.3/hamcrest-library-1.3.jar:/home/shothogun/.m2/repository/ch/qos/logback/logback-classic/1.1.3/logback-classic-1.1.3.jar:/home/shothogun/.m2/repository/ch/qos/logback/logback-core/1.1.3/logback-core-1.1.3.jar:/home/shothogun/.m2/repository/org/slf4j/jcl-over-slf4j/1.7.25/jcl-over-slf4j-1.7.25.jar:/home/shothogun/.m2/repository/org/slf4j/jul-to-slf4j/1.7.25/jul-to-slf4j-1.7.25.jar:"/>
    <property name="java.specification.name" value="Java Platform API Specification"/>
    <property name="java.class.version" value="52.0"/>
    <property name="sun.management.compiler" value="HotSpot 64-Bit Tiered Compilers"/>
    <property name="os.version" value="5.4.0-56-generic"/>
    <property name="user.home" value="/home/shothogun"/>
    <property name="user.timezone" value="America/Sao_Paulo"/>
    <property name="java.awt.printerjob" value="sun.print.PSPrinterJob"/>
    <property name="file.encoding" value="UTF-8"/>
    <property name="java.specification.version" value="1.8"/>
    <property name="user.name" value="shothogun"/>
    <property name="java.class.path" value="/home/shothogun/eclipse-workspace/SimpleDemo/target/test-classes:/home/shothogun/eclipse-workspace/SimpleDemo/target/classes:/home/shothogun/.m2/repository/org/camunda/bpm/camunda-engine/7.14.0/camunda-engine-7.14.0.jar:/home/shothogun/.m2/repository/org/camunda/bpm/model/camunda-bpmn-model/7.14.0/camunda-bpmn-model-7.14.0.jar:/home/shothogun/.m2/repository/org/camunda/bpm/model/camunda-xml-model/7.14.0/camunda-xml-model-7.14.0.jar:/home/shothogun/.m2/repository/org/camunda/bpm/model/camunda-cmmn-model/7.14.0/camunda-cmmn-model-7.14.0.jar:/home/shothogun/.m2/repository/org/camunda/bpm/dmn/camunda-engine-dmn/7.14.0/camunda-engine-dmn-7.14.0.jar:/home/shothogun/.m2/repository/org/camunda/bpm/model/camunda-dmn-model/7.14.0/camunda-dmn-model-7.14.0.jar:/home/shothogun/.m2/repository/org/camunda/bpm/dmn/camunda-engine-feel-api/7.14.0/camunda-engine-feel-api-7.14.0.jar:/home/shothogun/.m2/repository/org/camunda/bpm/dmn/camunda-engine-feel-juel/7.14.0/camunda-engine-feel-juel-7.14.0.jar:/home/shothogun/.m2/repository/org/camunda/bpm/dmn/camunda-engine-feel-scala/7.14.0/camunda-engine-feel-scala-7.14.0.jar:/home/shothogun/.m2/repository/org/camunda/commons/camunda-commons-logging/1.9.0/camunda-commons-logging-1.9.0.jar:/home/shothogun/.m2/repository/org/camunda/commons/camunda-commons-typed-values/7.14.0/camunda-commons-typed-values-7.14.0.jar:/home/shothogun/.m2/repository/org/mybatis/mybatis/3.5.3/mybatis-3.5.3.jar:/home/shothogun/.m2/repository/org/springframework/spring-beans/5.2.8.RELEASE/spring-beans-5.2.8.RELEASE.jar:/home/shothogun/.m2/repository/org/springframework/spring-core/5.2.8.RELEASE/spring-core-5.2.8.RELEASE.jar:/home/shothogun/.m2/repository/org/springframework/spring-jcl/5.2.8.RELEASE/spring-jcl-5.2.8.RELEASE.jar:/home/shothogun/.m2/repository/joda-time/joda-time/2.1/joda-time-2.1.jar:/home/shothogun/.m2/repository/org/camunda/connect/camunda-connect-core/1.5.0/camunda-connect-core-1.5.0.jar:/home/shothogun/.m2/repository/org/camunda/connect/camunda-connect-connectors-all/1.5.0/camunda-connect-connectors-all-1.5.0.jar:/home/shothogun/.m2/repository/org/camunda/bpm/assert/camunda-bpm-assert/8.0.0/camunda-bpm-assert-8.0.0.jar:/home/shothogun/.m2/repository/org/assertj/assertj-core/3.16.1/assertj-core-3.16.1.jar:/home/shothogun/.m2/repository/org/camunda/spin/camunda-spin-dataformat-all/1.10.0/camunda-spin-dataformat-all-1.10.0.jar:/home/shothogun/.m2/repository/org/camunda/spin/camunda-spin-core/1.10.0/camunda-spin-core-1.10.0.jar:/home/shothogun/.m2/repository/org/slf4j/slf4j-api/1.7.26/slf4j-api-1.7.26.jar:/home/shothogun/.m2/repository/org/camunda/commons/camunda-commons-utils/1.9.0/camunda-commons-utils-1.9.0.jar:/home/shothogun/.m2/repository/org/camunda/bpm/camunda-engine-plugin-spin/7.14.0/camunda-engine-plugin-spin-7.14.0.jar:/home/shothogun/.m2/repository/org/camunda/template-engines/camunda-template-engines-freemarker/2.0.0/camunda-template-engines-freemarker-2.0.0.jar:/home/shothogun/.m2/repository/org/freemarker/freemarker/2.3.29/freemarker-2.3.29.jar:/home/shothogun/.m2/repository/org/camunda/template-engines/camunda-template-engines-velocity/2.0.0/camunda-template-engines-velocity-2.0.0.jar:/home/shothogun/.m2/repository/org/apache/velocity/velocity-engine-core/2.2/velocity-engine-core-2.2.jar:/home/shothogun/.m2/repository/javax/servlet/javax.servlet-api/3.1.0/javax.servlet-api-3.1.0.jar:/home/shothogun/.m2/repository/junit/junit/4.13/junit-4.13.jar:/home/shothogun/.m2/repository/org/hamcrest/hamcrest-core/1.3/hamcrest-core-1.3.jar:/home/shothogun/.m2/repository/com/h2database/h2/1.4.200/h2-1.4.200.jar:/home/shothogun/.m2/repository/org/camunda/bpm/extension/camunda-bpm-process-test-coverage/0.4.0/camunda-bpm-process-test-coverage-0.4.0.jar:/home/shothogun/.m2/repository/commons-io/commons-io/2.5/commons-io-2.5.jar:/home/shothogun/.m2/repository/org/apache/commons/commons-lang3/3.4/commons-lang3-3.4.jar:/home/shothogun/.m2/repository/org/hamcrest/hamcrest-library/1.3/hamcrest-library-1.3.jar:/home/shothogun/.m2/repository/ch/qos/logback/logback-classic/1.1.3/logback-classic-1.1.3.jar:/home/shothogun/.m2/repository/ch/qos/logback/logback-core/1.1.3/logback-core-1.1.3.jar:/home/shothogun/.m2/repository/org/slf4j/jcl-over-slf4j/1.7.25/jcl-over-slf4j-1.7.25.jar:/home/shothogun/.m2/repository/org/slf4j/jul-to-slf4j/1.7.25/jul-to-slf4j-1.7.25.jar:"/>
    <property name="java.vm.specification.version" value="1.8"/>
    <property name="sun.arch.data.model" value="64"/>
    <property name="java.home" value="/usr/lib/jvm/java-8-openjdk-amd64/jre"/>
    <property name="sun.java.command" value="/tmp/surefirebooter5905178116552191817.jar /tmp/surefire2537977853833363899tmp /tmp/surefire2998264922538005495tmp"/>
    <property name="java.specification.vendor" value="Oracle Corporation"/>
    <property name="user.language" value="en"/>
    <property name="awt.toolkit" value="sun.awt.X11.XToolkit"/>
    <property name="java.vm.info" value="mixed mode"/>
    <property name="java.version" value="1.8.0_275"/>
    <property name="java.ext.dirs" value="/usr/lib/jvm/java-8-openjdk-amd64/jre/lib/ext:/usr/java/packages/lib/ext"/>
    <property name="sun.boot.class.path" value="/usr/lib/jvm/java-8-openjdk-amd64/jre/lib/resources.jar:/usr/lib/jvm/java-8-openjdk-amd64/jre/lib/rt.jar:/usr/lib/jvm/java-8-openjdk-amd64/jre/lib/sunrsasign.jar:/usr/lib/jvm/java-8-openjdk-amd64/jre/lib/jsse.jar:/usr/lib/jvm/java-8-openjdk-amd64/jre/lib/jce.jar:/usr/lib/jvm/java-8-openjdk-amd64/jre/lib/charsets.jar:/usr/lib/jvm/java-8-openjdk-amd64/jre/lib/jfr.jar:/usr/lib/jvm/java-8-openjdk-amd64/jre/classes"/>
    <property name="java.vendor" value="Private Build"/>
    <property name="localRepository" value="/home/shothogun/.m2/repository"/>
    <property name="file.separator" value="/"/>
    <property name="java.vendor.url.bug" value="http://bugreport.sun.com/bugreport/"/>
    <property name="sun.cpu.endian" value="little"/>
    <property name="sun.io.unicode.encoding" value="UnicodeLittle"/>
    <property name="sun.desktop" value="gnome"/>
    <property name="sun.cpu.isalist" value=""/>
  </properties>
  <testcase classname="com.camunda.demo.SimpleDemo.ProcessUnitTest" name="testHappyPath" time="0.881"/>
</testsuite>